<?xml version="1.0" encoding="UTF-8"?>
<!-- Generated by org.testng.reporters.JUnitXMLReporter -->
<testsuite ignored="2" hostname="LAPTOP-S80L74PF" failures="0" tests="1" name="Default test" time="8.149" errors="0" timestamp="2026-04-23T21:15:06 IST">
  <testcase classname="tests.FormValidationTest" name="verifyMandatoryFieldValidation" time="3.094"/>
  <testcase classname="tests.FormValidationTest" name="verifyEmptyNameBehavior" time="0.0">
    <ignored/>
  </testcase> <!-- verifyEmptyNameBehavior -->
  <testcase classname="tests.FormValidationTest" name="verifyInvalidCardValidation" time="0.0">
    <ignored/>
  </testcase> <!-- verifyInvalidCardValidation -->
</testsuite> <!-- Default test -->
