<?xml version="1.0" encoding="UTF-8"?>
<!-- Generated by org.testng.reporters.JUnitXMLReporter -->
<testsuite ignored="0" hostname="LAPTOP-S80L74PF" failures="0" tests="3" name="Flight Search Tests" time="14.004" errors="0" timestamp="2026-04-23T21:17:38 IST">
  <testcase classname="tests.FlightSearchTest" name="verifyFlightDetailsInEachRow" time="1.881"/>
  <testcase classname="tests.FlightSearchTest" name="verifyFlightSearchResults" time="1.129"/>
  <testcase classname="tests.FlightSearchTest" name="verifySameCityNotAvailableInDropdown" time="0.02"/>
</testsuite> <!-- Flight Search Tests -->
