<?xml version="1.0" encoding="UTF-8"?>
<!-- Generated by org.testng.reporters.JUnitXMLReporter -->
<testsuite ignored="0" hostname="LAPTOP-S80L74PF" failures="0" tests="3" name="Flight Selection Tests" time="16.651" errors="0" timestamp="2026-04-23T21:17:40 IST">
  <testcase classname="tests.FlightSelectionTest" name="verifyFlightDetailsDisplayed" time="1.892"/>
  <testcase classname="tests.FlightSelectionTest" name="verifyNavigationToPurchasePage" time="2.189"/>
  <testcase classname="tests.FlightSelectionTest" name="verifyPriceConsistency" time="2.515"/>
</testsuite> <!-- Flight Selection Tests -->
