<?xml version="1.0" encoding="UTF-8"?>
<!-- Generated by org.testng.reporters.JUnitXMLReporter -->
<testsuite ignored="0" hostname="LAPTOP-S80L74PF" failures="0" tests="3" name="Form Validation Tests" time="17.813" errors="0" timestamp="2026-04-23T21:18:04 IST">
  <testcase classname="tests.FormValidationTest" name="verifyEmptyNameBehavior" time="4.427"/>
  <testcase classname="tests.FormValidationTest" name="verifyInvalidCardValidation" time="3.656"/>
  <testcase classname="tests.FormValidationTest" name="verifyMandatoryFieldValidation" time="3.647"/>
</testsuite> <!-- Form Validation Tests -->
