<?xml version="1.0" encoding="UTF-8"?>
<!-- Generated by org.testng.reporters.JUnitXMLReporter -->
<testsuite ignored="0" hostname="LAPTOP-S80L74PF" failures="0" tests="4" name="Route Search Tests" time="17.023" errors="0" timestamp="2026-04-23T21:17:57 IST">
  <testcase classname="tests.DifferentRouteSearchTest" name="verifyFlightCountConsistency" time="3.064"/>
  <testcase classname="tests.DifferentRouteSearchTest" name="verifyResultsForDifferentRoutes" time="0.922"/>
  <testcase classname="tests.DifferentRouteSearchTest" name="verifyResultsForDifferentRoutes" time="1.162"/>
  <testcase classname="tests.DifferentRouteSearchTest" name="verifyResultsForDifferentRoutes" time="0.841"/>
</testsuite> <!-- Route Search Tests -->
