<?xml version="1.0" encoding="UTF-8"?>
<!-- Generated by org.testng.reporters.JUnitXMLReporter -->
<testsuite ignored="0" hostname="LAPTOP-S80L74PF" failures="0" tests="3" name="Flight Selection Tests" time="19.278" errors="0" timestamp="2026-04-23T21:21:23 IST">
  <testcase classname="tests.FlightSelectionTest" name="verifyFlightDetailsDisplayed" time="2.787"/>
  <testcase classname="tests.FlightSelectionTest" name="verifyNavigationToPurchasePage" time="1.678"/>
  <testcase classname="tests.FlightSelectionTest" name="verifyPriceConsistency" time="2.674"/>
</testsuite> <!-- Flight Selection Tests -->
