<?xml version="1.0" encoding="UTF-8"?>
<!-- Generated by org.testng.reporters.JUnitXMLReporter -->
<testsuite ignored="0" hostname="LAPTOP-S80L74PF" failures="0" tests="3" name="Flight Search Tests" time="15.398" errors="0" timestamp="2026-04-23T21:21:20 IST">
  <testcase classname="tests.FlightSearchTest" name="verifyFlightDetailsInEachRow" time="2.002"/>
  <testcase classname="tests.FlightSearchTest" name="verifyFlightSearchResults" time="1.199"/>
  <testcase classname="tests.FlightSearchTest" name="verifySameCityNotAvailableInDropdown" time="0.021"/>
</testsuite> <!-- Flight Search Tests -->
