<?xml version="1.0" encoding="UTF-8"?>
<!-- Generated by org.testng.reporters.JUnitXMLReporter -->
<testsuite ignored="0" hostname="LAPTOP-S80L74PF" failures="0" tests="3" name="Form Validation Tests" time="16.42" errors="0" timestamp="2026-04-23T21:21:43 IST">
  <testcase classname="tests.FormValidationTest" name="verifyEmptyNameBehavior" time="3.783"/>
  <testcase classname="tests.FormValidationTest" name="verifyInvalidCardValidation" time="3.464"/>
  <testcase classname="tests.FormValidationTest" name="verifyMandatoryFieldValidation" time="2.045"/>
</testsuite> <!-- Form Validation Tests -->
