<?xml version="1.0" encoding="UTF-8"?>
<!-- Generated by org.testng.reporters.JUnitXMLReporter -->
<testsuite ignored="0" hostname="LAPTOP-S80L74PF" failures="0" tests="4" name="Route Search Tests" time="17.031" errors="0" timestamp="2026-04-23T21:21:40 IST">
  <testcase classname="tests.DifferentRouteSearchTest" name="verifyFlightCountConsistency" time="4.26"/>
  <testcase classname="tests.DifferentRouteSearchTest" name="verifyResultsForDifferentRoutes" time="1.711"/>
  <testcase classname="tests.DifferentRouteSearchTest" name="verifyResultsForDifferentRoutes" time="1.535"/>
  <testcase classname="tests.DifferentRouteSearchTest" name="verifyResultsForDifferentRoutes" time="1.145"/>
</testsuite> <!-- Route Search Tests -->
