<?xml version="1.0" encoding="UTF-8"?>
<!-- Generated by org.testng.reporters.JUnitReportReporter -->
<testsuite hostname="LAPTOP-S80L74PF" failures="0" tests="3" name="tests.FlightSelectionTest" time="16.591" errors="0" timestamp="2026-04-23T21:18:04 IST" skipped="0">
  <testcase classname="tests.FlightSelectionTest" name="verifyNavigationToPurchasePage" time="7.460"/>
  <testcase classname="tests.FlightSelectionTest" name="verifyPriceConsistency" time="5.056"/>
  <testcase classname="tests.FlightSelectionTest" name="verifyFlightDetailsDisplayed" time="4.075"/>
</testsuite> <!-- tests.FlightSelectionTest -->
