<?xml version="1.0" encoding="UTF-8"?>
<!-- Generated by org.testng.reporters.JUnitReportReporter -->
<testsuite hostname="LAPTOP-S80L74PF" failures="0" tests="3" name="tests.FlightSearchTest" time="13.943" errors="0" timestamp="2026-04-23T21:18:04 IST" skipped="0">
  <testcase classname="tests.FlightSearchTest" name="verifyFlightSearchResults" time="4.108"/>
  <testcase classname="tests.FlightSearchTest" name="verifySameCityNotAvailableInDropdown" time="5.259"/>
  <testcase classname="tests.FlightSearchTest" name="verifyFlightDetailsInEachRow" time="4.576"/>
</testsuite> <!-- tests.FlightSearchTest -->
