<?xml version="1.0" encoding="UTF-8"?>
<!-- Generated by org.testng.reporters.JUnitReportReporter -->
<testsuite hostname="LAPTOP-S80L74PF" failures="0" tests="4" name="tests.DifferentRouteSearchTest" time="17.006" errors="0" timestamp="2026-04-23T21:18:04 IST" skipped="0">
  <testcase classname="tests.DifferentRouteSearchTest" name="verifyResultsForDifferentRoutes" time="3.922"/>
  <testcase classname="tests.DifferentRouteSearchTest" name="verifyFlightCountConsistency" time="5.451"/>
  <testcase classname="tests.DifferentRouteSearchTest" name="verifyResultsForDifferentRoutes" time="3.495"/>
  <testcase classname="tests.DifferentRouteSearchTest" name="verifyResultsForDifferentRoutes" time="4.138"/>
</testsuite> <!-- tests.DifferentRouteSearchTest -->
