<?xml version="1.0" encoding="UTF-8"?>
<!-- Generated by org.testng.reporters.JUnitReportReporter -->
<testsuite hostname="LAPTOP-S80L74PF" failures="0" tests="3" name="tests.FlightSelectionTest" time="19.229" errors="0" timestamp="2026-04-23T21:21:43 IST" skipped="0">
  <testcase classname="tests.FlightSelectionTest" name="verifyNavigationToPurchasePage" time="8.869"/>
  <testcase classname="tests.FlightSelectionTest" name="verifyPriceConsistency" time="5.086"/>
  <testcase classname="tests.FlightSelectionTest" name="verifyFlightDetailsDisplayed" time="5.274"/>
</testsuite> <!-- tests.FlightSelectionTest -->
