<?xml version="1.0" encoding="UTF-8"?>
<!-- Generated by org.testng.reporters.JUnitReportReporter -->
<testsuite hostname="LAPTOP-S80L74PF" failures="0" tests="4" name="tests.DifferentRouteSearchTest" time="17.016" errors="0" timestamp="2026-04-23T21:21:43 IST" skipped="0">
  <testcase classname="tests.DifferentRouteSearchTest" name="verifyResultsForDifferentRoutes" time="3.746"/>
  <testcase classname="tests.DifferentRouteSearchTest" name="verifyFlightCountConsistency" time="6.101"/>
  <testcase classname="tests.DifferentRouteSearchTest" name="verifyResultsForDifferentRoutes" time="4.204"/>
  <testcase classname="tests.DifferentRouteSearchTest" name="verifyResultsForDifferentRoutes" time="2.965"/>
</testsuite> <!-- tests.DifferentRouteSearchTest -->
