<?xml version="1.0" encoding="UTF-8"?>
<!-- Generated by org.testng.reporters.JUnitReportReporter -->
<testsuite hostname="LAPTOP-S80L74PF" failures="0" tests="3" name="tests.FormValidationTest" time="16.413" errors="0" timestamp="2026-04-23T21:21:43 IST" skipped="0">
  <testcase classname="tests.FormValidationTest" name="verifyInvalidCardValidation" time="5.669"/>
  <testcase classname="tests.FormValidationTest" name="verifyMandatoryFieldValidation" time="4.626"/>
  <testcase classname="tests.FormValidationTest" name="verifyEmptyNameBehavior" time="6.118"/>
</testsuite> <!-- tests.FormValidationTest -->
