<?xml version="1.0" encoding="UTF-8"?>
<!-- Generated by org.testng.reporters.JUnitReportReporter -->
<testsuite hostname="LAPTOP-S80L74PF" failures="0" tests="3" name="tests.FlightSearchTest" time="15.336" errors="0" timestamp="2026-04-23T21:21:43 IST" skipped="0">
  <testcase classname="tests.FlightSearchTest" name="verifyFlightDetailsInEachRow" time="4.748"/>
  <testcase classname="tests.FlightSearchTest" name="verifySameCityNotAvailableInDropdown" time="6.608"/>
  <testcase classname="tests.FlightSearchTest" name="verifyFlightSearchResults" time="3.980"/>
</testsuite> <!-- tests.FlightSearchTest -->
